<?xml version="1.0" encoding="UTF-8"?>
<testsuite xmlns:xsi="http://www.w3.org/2001/XMLSchema-instance" xsi:noNamespaceSchemaLocation="https://maven.apache.org/surefire/maven-surefire-plugin/xsd/surefire-test-report.xsd" name="io.abdul.MathUtilsTest" time="0.185" tests="5" errors="0" skipped="0" failures="0">
  <properties>
[...]
</properties>
  <testcase name="computeCircleAreaTest" classname="io.abdul.MathUtilsTest" time="0.128"/>
  <testcase name="substractTest" classname="io.abdul.MathUtilsTest" time="0"/>
  <testcase name="addTest" classname="io.abdul.MathUtilsTest" time="0.009"/>
  <testcase name="multiplyTest" classname="io.abdul.MathUtilsTest" time="0.011"/>
  <testcase name="devideTest" classname="io.abdul.MathUtilsTest" time="0.006"/>
</testsuite>